<?xml version="1.0" encoding="UTF-8"?>
<testng-results ignored="0" total="1" passed="1" failed="0" skipped="0">
  <reporter-output>
  </reporter-output>
  <suite started-at="2023-12-23T17:18:47 IST" name="Default suite" finished-at="2023-12-23T17:18:56 IST" duration-ms="9175">
    <groups>
    </groups>
    <test started-at="2023-12-23T17:18:47 IST" name="Default test" finished-at="2023-12-23T17:18:56 IST" duration-ms="9175">
      <class name="com.tech.practice.TestMethods_GoogleSearch">
        <test-method is-config="true" signature="beforeTest()[pri:0, instance:com.tech.practice.TestMethods_GoogleSearch@1f86099a]" started-at="2023-12-23T17:18:47 IST" name="beforeTest" finished-at="2023-12-23T17:18:51 IST" duration-ms="4499" status="PASS">
          <reporter-output>
          </reporter-output>
        </test-method> <!-- beforeTest -->
        <test-method signature="searchOperation()[pri:0, instance:com.tech.practice.TestMethods_GoogleSearch@1f86099a]" started-at="2023-12-23T17:18:51 IST" name="searchOperation" finished-at="2023-12-23T17:18:56 IST" duration-ms="4481" status="PASS">
          <reporter-output>
          </reporter-output>
        </test-method> <!-- searchOperation -->
        <test-method is-config="true" signature="afterTest()[pri:0, instance:com.tech.practice.TestMethods_GoogleSearch@1f86099a]" started-at="2023-12-23T17:18:56 IST" name="afterTest" finished-at="2023-12-23T17:18:56 IST" duration-ms="135" status="PASS">
          <reporter-output>
          </reporter-output>
        </test-method> <!-- afterTest -->
      </class> <!-- com.tech.practice.TestMethods_GoogleSearch -->
    </test> <!-- Default test -->
  </suite> <!-- Default suite -->
</testng-results>
