<?xml version="1.0" encoding="UTF-8"?>
<testng-results ignored="0" total="4" passed="4" failed="0" skipped="0">
  <reporter-output>
  </reporter-output>
  <suite started-at="2023-12-24T02:07:33 IST" name="Suite" finished-at="2023-12-24T02:07:48 IST" duration-ms="14667">
    <groups>
    </groups>
    <test started-at="2023-12-24T02:07:33 IST" name="ChromeTest" finished-at="2023-12-24T02:07:45 IST" duration-ms="11440">
      <class name="com.tech.practice.TestMethods_GoogleSearch">
        <test-method is-config="true" signature="beforeTest(java.lang.String)[pri:0, instance:com.tech.practice.TestMethods_GoogleSearch@639c2c1d]" started-at="2023-12-24T02:07:33 IST" name="beforeTest" finished-at="2023-12-24T02:07:37 IST" duration-ms="3472" status="PASS">
          <params>
            <param index="0">
              <value>
                <![CDATA[chrome]]>
              </value>
            </param>
          </params>
          <reporter-output>
          </reporter-output>
        </test-method> <!-- beforeTest -->
        <test-method signature="githubLogin()[pri:0, instance:com.tech.practice.TestMethods_GoogleSearch@639c2c1d]" started-at="2023-12-24T02:07:37 IST" name="githubLogin" finished-at="2023-12-24T02:07:40 IST" duration-ms="3043" status="PASS">
          <reporter-output>
          </reporter-output>
        </test-method> <!-- githubLogin -->
        <test-method signature="searchOperation()[pri:0, instance:com.tech.practice.TestMethods_GoogleSearch@639c2c1d]" started-at="2023-12-24T02:07:40 IST" name="searchOperation" finished-at="2023-12-24T02:07:44 IST" duration-ms="4339" status="PASS">
          <reporter-output>
          </reporter-output>
        </test-method> <!-- searchOperation -->
        <test-method is-config="true" signature="afterTest()[pri:0, instance:com.tech.practice.TestMethods_GoogleSearch@639c2c1d]" started-at="2023-12-24T02:07:44 IST" name="afterTest" finished-at="2023-12-24T02:07:45 IST" duration-ms="523" status="PASS">
          <reporter-output>
          </reporter-output>
        </test-method> <!-- afterTest -->
      </class> <!-- com.tech.practice.TestMethods_GoogleSearch -->
    </test> <!-- ChromeTest -->
    <test started-at="2023-12-24T02:07:33 IST" name="FirefoxTest" finished-at="2023-12-24T02:07:48 IST" duration-ms="14664">
      <class name="com.tech.practice.TestMethods_GoogleSearch">
        <test-method is-config="true" signature="beforeTest(java.lang.String)[pri:0, instance:com.tech.practice.TestMethods_GoogleSearch@9597028]" started-at="2023-12-24T02:07:33 IST" name="beforeTest" finished-at="2023-12-24T02:07:38 IST" duration-ms="4554" status="PASS">
          <params>
            <param index="0">
              <value>
                <![CDATA[firefox]]>
              </value>
            </param>
          </params>
          <reporter-output>
          </reporter-output>
        </test-method> <!-- beforeTest -->
        <test-method signature="githubLogin()[pri:0, instance:com.tech.practice.TestMethods_GoogleSearch@9597028]" started-at="2023-12-24T02:07:38 IST" name="githubLogin" finished-at="2023-12-24T02:07:41 IST" duration-ms="3527" status="PASS">
          <reporter-output>
          </reporter-output>
        </test-method> <!-- githubLogin -->
        <test-method signature="searchOperation()[pri:0, instance:com.tech.practice.TestMethods_GoogleSearch@9597028]" started-at="2023-12-24T02:07:41 IST" name="searchOperation" finished-at="2023-12-24T02:07:46 IST" duration-ms="4564" status="PASS">
          <reporter-output>
          </reporter-output>
        </test-method> <!-- searchOperation -->
        <test-method is-config="true" signature="afterTest()[pri:0, instance:com.tech.practice.TestMethods_GoogleSearch@9597028]" started-at="2023-12-24T02:07:46 IST" name="afterTest" finished-at="2023-12-24T02:07:48 IST" duration-ms="1973" status="PASS">
          <reporter-output>
          </reporter-output>
        </test-method> <!-- afterTest -->
      </class> <!-- com.tech.practice.TestMethods_GoogleSearch -->
    </test> <!-- FirefoxTest -->
  </suite> <!-- Suite -->
</testng-results>
